d:\3mak\coursework 2 files\mass-spring simulation\debug\clothy.bsc
d:\3mak\coursework 2 files\mass-spring simulation\debug\clothy.pch
d:\3mak\coursework 2 files\mass-spring simulation\debug\vc140.pdb
d:\3mak\coursework 2 files\mass-spring simulation\debug\vc140.idb
d:\3mak\coursework 2 files\mass-spring simulation\debug\stdafx.sbr
d:\3mak\coursework 2 files\mass-spring simulation\debug\stdafx.obj
d:\3mak\coursework 2 files\mass-spring simulation\debug\addspher.sbr
d:\3mak\coursework 2 files\mass-spring simulation\debug\clothy.sbr
d:\3mak\coursework 2 files\mass-spring simulation\debug\loadobj.sbr
d:\3mak\coursework 2 files\mass-spring simulation\debug\mainfrm.sbr
d:\3mak\coursework 2 files\mass-spring simulation\debug\mathdefs.sbr
d:\3mak\coursework 2 files\mass-spring simulation\debug\newcloth.sbr
d:\3mak\coursework 2 files\mass-spring simulation\debug\oglview.sbr
d:\3mak\coursework 2 files\mass-spring simulation\debug\physenv.sbr
d:\3mak\coursework 2 files\mass-spring simulation\debug\setvert.sbr
d:\3mak\coursework 2 files\mass-spring simulation\debug\simprops.sbr
d:\3mak\coursework 2 files\mass-spring simulation\debug\skeleton.sbr
d:\3mak\coursework 2 files\mass-spring simulation\debug\timeprops.sbr
d:\3mak\coursework 2 files\mass-spring simulation\debug\timeprops.obj
d:\3mak\coursework 2 files\mass-spring simulation\debug\skeleton.obj
d:\3mak\coursework 2 files\mass-spring simulation\debug\simprops.obj
d:\3mak\coursework 2 files\mass-spring simulation\debug\setvert.obj
d:\3mak\coursework 2 files\mass-spring simulation\debug\physenv.obj
d:\3mak\coursework 2 files\mass-spring simulation\debug\oglview.obj
d:\3mak\coursework 2 files\mass-spring simulation\debug\newcloth.obj
d:\3mak\coursework 2 files\mass-spring simulation\debug\mathdefs.obj
d:\3mak\coursework 2 files\mass-spring simulation\debug\mainfrm.obj
d:\3mak\coursework 2 files\mass-spring simulation\debug\loadobj.obj
d:\3mak\coursework 2 files\mass-spring simulation\debug\clothy.obj
d:\3mak\coursework 2 files\mass-spring simulation\debug\addspher.obj
d:\3mak\coursework 2 files\mass-spring simulation\debug\cloth simulation.ilk
d:\3mak\coursework 2 files\mass-spring simulation\debug\cloth simulation.exe
d:\3mak\coursework 2 files\mass-spring simulation\debug\cloth.pdb
d:\3mak\coursework 2 files\mass-spring simulation\debug\clothy.res
d:\3mak\coursework 2 files\mass-spring simulation\debug\cloth.tlog\bscmake.command.1.tlog
d:\3mak\coursework 2 files\mass-spring simulation\debug\cloth.tlog\bscmake.read.1.tlog
d:\3mak\coursework 2 files\mass-spring simulation\debug\cloth.tlog\bscmake.write.1.tlog
d:\3mak\coursework 2 files\mass-spring simulation\debug\cloth.tlog\cl.command.1.tlog
d:\3mak\coursework 2 files\mass-spring simulation\debug\cloth.tlog\cl.read.1.tlog
d:\3mak\coursework 2 files\mass-spring simulation\debug\cloth.tlog\cl.write.1.tlog
d:\3mak\coursework 2 files\mass-spring simulation\debug\cloth.tlog\link.command.1.tlog
d:\3mak\coursework 2 files\mass-spring simulation\debug\cloth.tlog\link.read.1.tlog
d:\3mak\coursework 2 files\mass-spring simulation\debug\cloth.tlog\link.write.1.tlog
d:\3mak\coursework 2 files\mass-spring simulation\debug\cloth.tlog\rc.command.1.tlog
d:\3mak\coursework 2 files\mass-spring simulation\debug\cloth.tlog\rc.read.1.tlog
d:\3mak\coursework 2 files\mass-spring simulation\debug\cloth.tlog\rc.write.1.tlog
